<?xml version="1.0" encoding="UTF-8"?>
<testsuite xmlns:xsi="http://www.w3.org/2001/XMLSchema-instance" xsi:noNamespaceSchemaLocation="https://maven.apache.org/surefire/maven-surefire-plugin/xsd/surefire-test-report-3.0.xsd" version="3.0" name="com.roomster.roomsterbackend.RoomsterBackendApplicationTests" time="13.952" tests="1" errors="0" skipped="0" failures="0">
  <properties>
[...]
</properties>
  <testcase name="contextLoads" classname="com.roomster.roomsterbackend.RoomsterBackendApplicationTests" time="1.124">
    <system-out><![CDATA[21:34:42.271 [main] INFO org.springframework.test.context.support.AnnotationConfigContextLoaderUtils -- Could not detect default configuration classes for test class [com.roomster.roomsterbackend.RoomsterBackendApplicationTests]: RoomsterBackendApplicationTests does not declare any static, non-private, non-final, nested classes annotated with @Configuration.
21:34:42.454 [main] INFO org.springframework.boot.test.context.SpringBootTestContextBootstrapper -- Found @SpringBootConfiguration com.roomster.roomsterbackend.RoomsterBackendApplication for test class com.roomster.roomsterbackend.RoomsterBackendApplicationTests

  .   ____          _            __ _ _
 /\\ / ___'_ __ _ _(_)_ __  __ _ \ \ \ \
( ( )\___ | '_ | '_| | '_ \/ _` | \ \ \ \
 \\/  ___)| |_)| | | | | || (_| |  ) ) ) )
  '  |____| .__|_| |_|_| |_\__, | / / / /
 =========|_|==============|___/=/_/_/_/
 :: Spring Boot ::                (v3.1.4)

2023-10-31T21:34:43.568+07:00  INFO 2836 --- [           main] c.r.r.RoomsterBackendApplicationTests    : Starting RoomsterBackendApplicationTests using Java 17.0.8 with PID 2836 (started by Techcare in E:\Final_Project\roomster-backend)
2023-10-31T21:34:43.571+07:00  INFO 2836 --- [           main] c.r.r.RoomsterBackendApplicationTests    : No active profile set, falling back to 1 default profile: "default"
2023-10-31T21:34:45.274+07:00  INFO 2836 --- [           main] .s.d.r.c.RepositoryConfigurationDelegate : Bootstrapping Spring Data JPA repositories in DEFAULT mode.
2023-10-31T21:34:45.420+07:00  INFO 2836 --- [           main] .s.d.r.c.RepositoryConfigurationDelegate : Finished Spring Data repository scanning in 131 ms. Found 2 JPA repository interfaces.
2023-10-31T21:34:46.334+07:00  INFO 2836 --- [           main] o.hibernate.jpa.internal.util.LogHelper  : HHH000204: Processing PersistenceUnitInfo [name: default]
2023-10-31T21:34:46.451+07:00  INFO 2836 --- [           main] org.hibernate.Version                    : HHH000412: Hibernate ORM core version 6.2.9.Final
2023-10-31T21:34:46.456+07:00  INFO 2836 --- [           main] org.hibernate.cfg.Environment            : HHH000406: Using bytecode reflection optimizer
2023-10-31T21:34:46.860+07:00  INFO 2836 --- [           main] o.h.b.i.BytecodeProviderInitiator        : HHH000021: Bytecode provider name : bytebuddy
2023-10-31T21:34:47.188+07:00  INFO 2836 --- [           main] o.s.o.j.p.SpringPersistenceUnitInfo      : No LoadTimeWeaver setup: ignoring JPA class transformer
2023-10-31T21:34:47.233+07:00  INFO 2836 --- [           main] com.zaxxer.hikari.HikariDataSource       : HikariPool-1 - Starting...
2023-10-31T21:34:47.991+07:00  INFO 2836 --- [           main] com.zaxxer.hikari.pool.HikariPool        : HikariPool-1 - Added connection com.mysql.cj.jdbc.ConnectionImpl@43ab9ae9
2023-10-31T21:34:47.996+07:00  INFO 2836 --- [           main] com.zaxxer.hikari.HikariDataSource       : HikariPool-1 - Start completed.
2023-10-31T21:34:49.029+07:00  INFO 2836 --- [           main] o.h.b.i.BytecodeProviderInitiator        : HHH000021: Bytecode provider name : bytebuddy
2023-10-31T21:34:50.697+07:00  INFO 2836 --- [           main] o.h.e.t.j.p.i.JtaPlatformInitiator       : HHH000490: Using JtaPlatform implementation: [org.hibernate.engine.transaction.jta.platform.internal.NoJtaPlatform]
Hibernate: create table chat_messages (id bigint not null auto_increment, content varchar(255), chat_id bigint not null, sender_id bigint not null, primary key (id)) engine=InnoDB
Hibernate: create table chats (id bigint not null auto_increment, created_by varchar(255), created_date datetime(6), modified_by varchar(255), modified_date datetime(6), chat_content varchar(255), chat_receiver_id bigint, chat_sender_id bigint, primary key (id)) engine=InnoDB
Hibernate: create table comments (id bigint not null auto_increment, created_by varchar(255), created_date datetime(6), modified_by varchar(255), modified_date datetime(6), content varchar(255), status bit, title varchar(255), post_id bigint not null, primary key (id)) engine=InnoDB
Hibernate: create table images (id bigint not null auto_increment, created_by varchar(255), created_date datetime(6), modified_by varchar(255), modified_date datetime(6), is_deleted bit, local_link_image varchar(255), origin_link_image varchar(255), post_id bigint not null, primary key (id)) engine=InnoDB
Hibernate: create table infor_rooms (id bigint not null auto_increment, created_by varchar(255), created_date datetime(6), modified_by varchar(255), modified_date datetime(6), acreage float(53), electricity_price decimal(38,2), empty_room integer, number_room integer, price decimal(38,2), staymax integer, water_price decimal(38,2), primary key (id)) engine=InnoDB
Hibernate: create table notification (id bigint not null auto_increment, content varchar(255), post_id bigint, received_id bigint, sender_id bigint, primary key (id)) engine=InnoDB
Hibernate: create table post_types (id bigint not null auto_increment, created_by varchar(255), created_date datetime(6), modified_by varchar(255), modified_date datetime(6), code varchar(255), is_deleted bit, name varchar(255), primary key (id)) engine=InnoDB
Hibernate: create table posts (id bigint not null auto_increment, created_by varchar(255), created_date datetime(6), modified_by varchar(255), modified_date datetime(6), address varchar(255), convenient varchar(255), description varchar(255), image_url_list varchar(255), object varchar(255), surroundings varchar(255), title varchar(255), post_type_id bigint, room_id bigint, user_id bigint not null, primary key (id)) engine=InnoDB
Hibernate: create table ratings (id bigint not null auto_increment, created_by varchar(255), created_date datetime(6), modified_by varchar(255), modified_date datetime(6), star_point varchar(255), post_id bigint not null, user_id bigint, primary key (id)) engine=InnoDB
Hibernate: create table roles (id bigint not null auto_increment, created_by varchar(255), created_date datetime(6), modified_by varchar(255), modified_date datetime(6), name varchar(255), primary key (id)) engine=InnoDB
Hibernate: create table user_role (user_id bigint not null, role_id bigint not null) engine=InnoDB
Hibernate: create table users (id bigint not null auto_increment, created_by varchar(255), created_date datetime(6), modified_by varchar(255), modified_date datetime(6), two_factor_enable integer, address varchar(255), date_of_birth datetime(6), email varchar(255), images varchar(255), is_active bit, is_deleted bit, password_hash varchar(255), phone_number varchar(255), role enum ('ADMIN','MANAGEMENT','USER'), user_name varchar(255), primary key (id)) engine=InnoDB
Hibernate: alter table posts drop index UK_c0egvpgwjxcxpjtxg5q4a79av
Hibernate: alter table posts add constraint UK_c0egvpgwjxcxpjtxg5q4a79av unique (post_type_id)
Hibernate: alter table posts drop index UK_e3vde5tkqe4g11n9kfhwoxy6w
Hibernate: alter table posts add constraint UK_e3vde5tkqe4g11n9kfhwoxy6w unique (room_id)
Hibernate: alter table ratings drop index UK_8x1o0gihwfyuuxygpovuln16a
Hibernate: alter table ratings add constraint UK_8x1o0gihwfyuuxygpovuln16a unique (user_id)
Hibernate: alter table users drop index UK9q63snka3mdh91as4io72espi
Hibernate: alter table users add constraint UK9q63snka3mdh91as4io72espi unique (phone_number)
Hibernate: alter table chat_messages add constraint FKt56nsqjwt7t4sian6vts9wg3t foreign key (chat_id) references chats (id)
Hibernate: alter table chat_messages add constraint FKgiqeap8ays4lf684x7m0r2729 foreign key (sender_id) references users (id)
Hibernate: alter table comments add constraint FKh4c7lvsc298whoyd4w9ta25cr foreign key (post_id) references posts (id)
Hibernate: alter table images add constraint FKcp0pycisii8ub3q4b7x5mfpn1 foreign key (post_id) references posts (id)
Hibernate: alter table posts add constraint FKhf9pfkatuagm490t2jmphqbjx foreign key (post_type_id) references post_types (id)
Hibernate: alter table posts add constraint FKbt8rusqhilavyi7eu5b2s8fx0 foreign key (room_id) references infor_rooms (id)
Hibernate: alter table posts add constraint FK5lidm6cqbc7u4xhqpxm898qme foreign key (user_id) references users (id)
Hibernate: alter table ratings add constraint FKl38egjrojmh8hq3uoyo7is8h6 foreign key (post_id) references posts (id)
Hibernate: alter table ratings add constraint FKb3354ee2xxvdrbyq9f42jdayd foreign key (user_id) references users (id)
Hibernate: alter table user_role add constraint FKt7e7djp752sqn6w22i6ocqy6q foreign key (role_id) references roles (id)
Hibernate: alter table user_role add constraint FKj345gk1bovqvfame88rcx7yyx foreign key (user_id) references users (id)
2023-10-31T21:34:51.766+07:00  INFO 2836 --- [           main] j.LocalContainerEntityManagerFactoryBean : Initialized JPA EntityManagerFactory for persistence unit 'default'
2023-10-31T21:34:53.085+07:00  WARN 2836 --- [           main] JpaBaseConfiguration$JpaWebConfiguration : spring.jpa.open-in-view is enabled by default. Therefore, database queries may be performed during view rendering. Explicitly configure spring.jpa.open-in-view to disable this warning
2023-10-31T21:34:53.373+07:00  INFO 2836 --- [           main] o.s.s.web.DefaultSecurityFilterChain     : Will secure any request with [org.springframework.security.web.session.DisableEncodeUrlFilter@7a80ebcd, org.springframework.security.web.context.request.async.WebAsyncManagerIntegrationFilter@365eaef, org.springframework.security.web.context.SecurityContextHolderFilter@1d4b0a07, org.springframework.security.web.header.HeaderWriterFilter@78c9c38a, org.springframework.security.web.authentication.logout.LogoutFilter@69d6fe75, com.roomster.roomsterbackend.config.JwtAuthenticationFilter@1483c738, org.springframework.security.web.savedrequest.RequestCacheAwareFilter@68fec965, org.springframework.security.web.servletapi.SecurityContextHolderAwareRequestFilter@729eef5f, org.springframework.security.web.authentication.AnonymousAuthenticationFilter@631c6ef4, org.springframework.security.web.session.SessionManagementFilter@5d4af473, org.springframework.security.web.access.ExceptionTranslationFilter@1d0f03f6, org.springframework.security.web.access.intercept.AuthorizationFilter@18f1260]
2023-10-31T21:34:54.653+07:00  INFO 2836 --- [           main] c.r.r.RoomsterBackendApplicationTests    : Started RoomsterBackendApplicationTests in 11.706 seconds (process running for 13.884)
]]></system-out>
  </testcase>
</testsuite>