<?xml version="1.0" encoding="UTF-8"?>
<testsuite xmlns:xsi="http://www.w3.org/2001/XMLSchema-instance" xsi:noNamespaceSchemaLocation="https://maven.apache.org/surefire/maven-surefire-plugin/xsd/surefire-test-report-3.0.xsd" version="3.0" name="com.roomster.roomsterbackend.RoomsterBackendApplicationTests" time="8.25" tests="1" errors="0" skipped="0" failures="0">
  <properties>
[...]
</properties>
  <testcase name="contextLoads" classname="com.roomster.roomsterbackend.RoomsterBackendApplicationTests" time="0.595">
    <system-out><![CDATA[20:06:55.983 [main] INFO org.springframework.test.context.support.AnnotationConfigContextLoaderUtils -- Could not detect default configuration classes for test class [com.roomster.roomsterbackend.RoomsterBackendApplicationTests]: RoomsterBackendApplicationTests does not declare any static, non-private, non-final, nested classes annotated with @Configuration.
20:06:56.142 [main] INFO org.springframework.boot.test.context.SpringBootTestContextBootstrapper -- Found @SpringBootConfiguration com.roomster.roomsterbackend.RoomsterBackendApplication for test class com.roomster.roomsterbackend.RoomsterBackendApplicationTests

  .   ____          _            __ _ _
 /\\ / ___'_ __ _ _(_)_ __  __ _ \ \ \ \
( ( )\___ | '_ | '_| | '_ \/ _` | \ \ \ \
 \\/  ___)| |_)| | | | | || (_| |  ) ) ) )
  '  |____| .__|_| |_|_| |_\__, | / / / /
 =========|_|==============|___/=/_/_/_/
 :: Spring Boot ::                (v3.1.4)

2023-11-01T20:06:57.021+07:00  INFO 15224 --- [           main] c.r.r.RoomsterBackendApplicationTests    : Starting RoomsterBackendApplicationTests using Java 17.0.8 with PID 15224 (started by ASUS in D:\WorkSpace\_Capstone Project\BE\roomster-backend\roomster-backend)
2023-11-01T20:06:57.024+07:00  INFO 15224 --- [           main] c.r.r.RoomsterBackendApplicationTests    : No active profile set, falling back to 1 default profile: "default"
2023-11-01T20:06:58.233+07:00  INFO 15224 --- [           main] .s.d.r.c.RepositoryConfigurationDelegate : Bootstrapping Spring Data JPA repositories in DEFAULT mode.
2023-11-01T20:06:58.316+07:00  INFO 15224 --- [           main] .s.d.r.c.RepositoryConfigurationDelegate : Finished Spring Data repository scanning in 71 ms. Found 3 JPA repository interfaces.
2023-11-01T20:06:58.947+07:00  INFO 15224 --- [           main] o.hibernate.jpa.internal.util.LogHelper  : HHH000204: Processing PersistenceUnitInfo [name: default]
2023-11-01T20:06:59.025+07:00  INFO 15224 --- [           main] org.hibernate.Version                    : HHH000412: Hibernate ORM core version 6.2.9.Final
2023-11-01T20:06:59.029+07:00  INFO 15224 --- [           main] org.hibernate.cfg.Environment            : HHH000406: Using bytecode reflection optimizer
2023-11-01T20:06:59.291+07:00  INFO 15224 --- [           main] o.h.b.i.BytecodeProviderInitiator        : HHH000021: Bytecode provider name : bytebuddy
2023-11-01T20:06:59.480+07:00  INFO 15224 --- [           main] o.s.o.j.p.SpringPersistenceUnitInfo      : No LoadTimeWeaver setup: ignoring JPA class transformer
2023-11-01T20:06:59.501+07:00  INFO 15224 --- [           main] com.zaxxer.hikari.HikariDataSource       : HikariPool-1 - Starting...
2023-11-01T20:07:00.023+07:00  INFO 15224 --- [           main] com.zaxxer.hikari.pool.HikariPool        : HikariPool-1 - Added connection com.mysql.cj.jdbc.ConnectionImpl@2520aa05
2023-11-01T20:07:00.026+07:00  INFO 15224 --- [           main] com.zaxxer.hikari.HikariDataSource       : HikariPool-1 - Start completed.
2023-11-01T20:07:00.536+07:00  INFO 15224 --- [           main] o.h.b.i.BytecodeProviderInitiator        : HHH000021: Bytecode provider name : bytebuddy
2023-11-01T20:07:01.623+07:00  INFO 15224 --- [           main] o.h.e.t.j.p.i.JtaPlatformInitiator       : HHH000490: Using JtaPlatform implementation: [org.hibernate.engine.transaction.jta.platform.internal.NoJtaPlatform]
2023-11-01T20:07:01.817+07:00  INFO 15224 --- [           main] j.LocalContainerEntityManagerFactoryBean : Initialized JPA EntityManagerFactory for persistence unit 'default'
2023-11-01T20:07:02.548+07:00  WARN 15224 --- [           main] JpaBaseConfiguration$JpaWebConfiguration : spring.jpa.open-in-view is enabled by default. Therefore, database queries may be performed during view rendering. Explicitly configure spring.jpa.open-in-view to disable this warning
2023-11-01T20:07:02.677+07:00  INFO 15224 --- [           main] o.s.s.web.DefaultSecurityFilterChain     : Will secure any request with [org.springframework.security.web.session.DisableEncodeUrlFilter@3993cecb, org.springframework.security.web.context.request.async.WebAsyncManagerIntegrationFilter@4407f129, org.springframework.security.web.context.SecurityContextHolderFilter@3e9e7a70, org.springframework.security.web.header.HeaderWriterFilter@7441edeb, org.springframework.security.web.authentication.logout.LogoutFilter@36299b83, com.roomster.roomsterbackend.config.JwtAuthenticationFilter@156d7556, org.springframework.security.web.savedrequest.RequestCacheAwareFilter@78762e87, org.springframework.security.web.servletapi.SecurityContextHolderAwareRequestFilter@33602729, org.springframework.security.web.authentication.AnonymousAuthenticationFilter@731bdcca, org.springframework.security.web.session.SessionManagementFilter@44b99467, org.springframework.security.web.access.ExceptionTranslationFilter@631c6ef4, org.springframework.security.web.access.intercept.AuthorizationFilter@77a14911]
2023-11-01T20:07:03.350+07:00  INFO 15224 --- [           main] c.r.r.RoomsterBackendApplicationTests    : Started RoomsterBackendApplicationTests in 6.95 seconds (process running for 8.67)
]]></system-out>
  </testcase>
</testsuite>